<?xml version="1.0" encoding="UTF-8"?>
<!-- Generated by org.testng.reporters.JUnitReportReporter -->
<testsuite skipped="0" hostname="W-6BHBZY2" name="qatestproject.mavenjava.SeleniumTest" tests="2" failures="0" timestamp="2022-07-04T23:17:05 IST" time="0.013" errors="0">
  <testcase name="browserUIAutomation" time="0.012" classname="qatestproject.mavenjava.SeleniumTest"/>
  <system-out/>
  <testcase name="elementsUI" time="0.001" classname="qatestproject.mavenjava.SeleniumTest"/>
  <system-out/>
</testsuite> <!-- qatestproject.mavenjava.SeleniumTest -->
