<?xml version="1.0" encoding="UTF-8"?>
<!-- Generated by org.testng.reporters.JUnitReportReporter -->
<testsuite skipped="0" hostname="W-6BHBZY2" name="qatestproject.mavenjava.AppTest" tests="1" failures="0" timestamp="2022-07-04T23:16:46 IST" time="0.013" errors="0">
  <testcase name="shouldAnswerWithTrue" time="0.013" classname="qatestproject.mavenjava.AppTest"/>
  <system-out/>
</testsuite> <!-- qatestproject.mavenjava.AppTest -->
